<?xml version="1.0" encoding="UTF-8" standalone="yes" ?>
<test-results name="C:\Development\Ekon29\UnitTests\CoordinatesTester\Win64\Debug\CoordinatesTester.exe" total="4" errors="0" failures="0" ignored="0" inconclusive="0" not-run="0" skipped="0" invalid="0" date="2025-10-25" time="12:50:40">
  <culture-info current-culture="en" current-uiculture="en" />
  <test-suite type="Assembly" name="CoordinatesTester.exe" executed="true" result="Success" success="True" time="12:50:40" asserts="0">
    <results>
        <test-suite type="Namespace" name="TestEcef" executed="true" result="Success" success="True" time="0.002" asserts="0" >
          <results>
              <test-suite type="Fixture" name="TTestEcef" executed="True" result="Success" success="True" time="0.002" >
                <categories>
                  <category name="CoordinateTests" />
                </categories>
                <results>
                  <test-case name="ToLla.Ecef To Lla (00)" executed="True" result="Success" success="True" time="0.006" asserts="0" >
                    <categories>
                      <category name="CoordinateTests" />
                    </categories>
                  </test-case>
                  <test-case name="ToLla.Ecef To Lla (01)" executed="True" result="Success" success="True" time="0.000" asserts="0" >
                    <categories>
                      <category name="CoordinateTests" />
                    </categories>
                  </test-case>
                  <test-case name="ToEcef.Lla To Ecef (00)" executed="True" result="Success" success="True" time="0.000" asserts="0" >
                    <categories>
                      <category name="CoordinateTests" />
                    </categories>
                  </test-case>
                  <test-case name="ToEcef.Lla To Ecef (01)" executed="True" result="Success" success="True" time="0.002" asserts="0" >
                    <categories>
                      <category name="CoordinateTests" />
                    </categories>
                  </test-case>
                </results>
              </test-suite>
          </results>
        </test-suite>
    </results>
  </test-suite>
</test-results>
